
> portfolio@1.0.0 build
> next build

  ▲ Next.js 14.2.35

   Creating an optimized production build ...
<w> [webpack.cache.PackFileCacheStrategy] Skipped not serializable cache item 'Compilation/modules|D:\portfolio\node_modules\next\dist\build\webpack\loaders\css-loader\src\index.js??ruleSet[1].rules[14].oneOf[12].use[2]!D:\portfolio\node_modules\next\dist\build\webpack\loaders\postcss-loader\src\index.js??ruleSet[1].rules[14].oneOf[12].use[3]!D:\portfolio\app\globals.css': No serializer registered for PostCSSSyntaxError
<w> while serializing webpack/lib/cache/PackFileCacheStrategy.PackContentItems -> webpack/lib/NormalModule -> webpack/lib/ModuleBuildError -> PostCSSSyntaxError
Failed to compile.

./app/globals.css:1:1
Syntax error: D:\portfolio\app\globals.css The `border-border` class does not exist. If `border-border` is a custom class, make sure it is defined within a `@layer` directive.

[1m[31m>[39m[22m[90m 1 | [39m[36m@tailwind[39m base[33m;[39m
 [90m   | [39m[1m[31m^[39m[22m
 [90m 2 | [39m[36m@tailwind[39m components[33m;[39m
 [90m 3 | [39m[36m@tailwind[39m utilities[33m;[39m

./app/globals.css
Syntax error: D:\portfolio\app\globals.css The `border-border` class does not exist. If `border-border` is a custom class, make sure it is defined within a `@layer` directive. (1:1)

[1m[31m>[39m[22m[90m 1 | [39m[36m@tailwind[39m base[33m;[39m
 [90m   | [39m[1m[31m^[39m[22m
 [90m 2 | [39m[36m@tailwind[39m components[33m;[39m
 [90m 3 | [39m[36m@tailwind[39m utilities[33m;[39m

    at tryRunOrWebpackError (D:\portfolio\node_modules\next\dist\compiled\webpack\bundle5.js:28:312989)
    at __webpack_require_module__ (D:\portfolio\node_modules\next\dist\compiled\webpack\bundle5.js:28:131165)
    at __nested_webpack_require_153728__ (D:\portfolio\node_modules\next\dist\compiled\webpack\bundle5.js:28:130607)
    at D:\portfolio\node_modules\next\dist\compiled\webpack\bundle5.js:28:131454
    at symbolIterator (D:\portfolio\node_modules\next\dist\compiled\neo-async\async.js:1:14444)
    at done (D:\portfolio\node_modules\next\dist\compiled\neo-async\async.js:1:14824)
    at Hook.eval [as callAsync] (eval at create (D:\portfolio\node_modules\next\dist\compiled\webpack\bundle5.js:13:28858), <anonymous>:15:1)
    at Hook.CALL_ASYNC_DELEGATE [as _callAsync] (D:\portfolio\node_modules\next\dist\compiled\webpack\bundle5.js:13:26012)
    at D:\portfolio\node_modules\next\dist\compiled\webpack\bundle5.js:28:130328
    at symbolIterator (D:\portfolio\node_modules\next\dist\compiled\neo-async\async.js:1:14402)
-- inner error --
Syntax error: D:\portfolio\app\globals.css The `border-border` class does not exist. If `border-border` is a custom class, make sure it is defined within a `@layer` directive. (1:1)

[1m[31m>[39m[22m[90m 1 | [39m[36m@tailwind[39m base[33m;[39m
 [90m   | [39m[1m[31m^[39m[22m
 [90m 2 | [39m[36m@tailwind[39m components[33m;[39m
 [90m 3 | [39m[36m@tailwind[39m utilities[33m;[39m

    at Object.<anonymous> (D:\portfolio\node_modules\next\dist\build\webpack\loaders\css-loader\src\index.js??ruleSet[1].rules[14].oneOf[12].use[2]!D:\portfolio\node_modules\next\dist\build\webpack\loaders\postcss-loader\src\index.js??ruleSet[1].rules[14].oneOf[12].use[3]!D:\portfolio\app\globals.css:1:7)
    at D:\portfolio\node_modules\next\dist\compiled\webpack\bundle5.js:28:922493
    at Hook.eval [as call] (eval at create (D:\portfolio\node_modules\next\dist\compiled\webpack\bundle5.js:13:28636), <anonymous>:7:1)
    at Hook.CALL_DELEGATE [as _call] (D:\portfolio\node_modules\next\dist\compiled\webpack\bundle5.js:13:25906)
    at D:\portfolio\node_modules\next\dist\compiled\webpack\bundle5.js:28:131198
    at tryRunOrWebpackError (D:\portfolio\node_modules\next\dist\compiled\webpack\bundle5.js:28:312943)
    at __webpack_require_module__ (D:\portfolio\node_modules\next\dist\compiled\webpack\bundle5.js:28:131165)
    at __nested_webpack_require_153728__ (D:\portfolio\node_modules\next\dist\compiled\webpack\bundle5.js:28:130607)
    at D:\portfolio\node_modules\next\dist\compiled\webpack\bundle5.js:28:131454
    at symbolIterator (D:\portfolio\node_modules\next\dist\compiled\neo-async\async.js:1:14444)

Generated code for D:\portfolio\node_modules\next\dist\build\webpack\loaders\css-loader\src\index.js??ruleSet[1].rules[14].oneOf[12].use[2]!D:\portfolio\node_modules\next\dist\build\webpack\loaders\postcss-loader\src\index.js??ruleSet[1].rules[14].oneOf[12].use[3]!D:\portfolio\app\globals.css

Import trace for requested module:
./app/globals.css

uncaughtException [Error: EPERM: operation not permitted, open 'D:\portfolio\.next\trace'] {
  errno: -4048,
  code: 'EPERM',
  syscall: 'open',
  path: 'D:\\portfolio\\.next\\trace'
}
